<?xml version="1.0" encoding="UTF-8"?>
<!-- Generated by org.testng.reporters.JUnitReportReporter -->
<testsuite hostname="Muriel-TOSH" name="com.skosay.test.login.ManagerLogin" tests="7" failures="0" timestamp="3 Dec 2014 02:58:06 GMT" time="756.213" errors="0">
  <testcase name="noInput" time="5.957" classname="com.skosay.test.login.ManagerLogin"/>
  <testcase name="invalidLoginIncorrectPassword" time="135.667" classname="com.skosay.test.login.ManagerLogin"/>
  <testcase name="invalidLogin" time="134.958" classname="com.skosay.test.login.ManagerLogin"/>
  <testcase name="invalidLoginIncorrectEmail" time="250.818" classname="com.skosay.test.login.ManagerLogin"/>
  <testcase name="noInputPassword" time="65.010" classname="com.skosay.test.login.ManagerLogin"/>
  <testcase name="noInputEmail" time="129.921" classname="com.skosay.test.login.ManagerLogin"/>
  <testcase name="validLogin" time="33.882" classname="com.skosay.test.login.ManagerLogin"/>
</testsuite> <!-- com.skosay.test.login.ManagerLogin -->
