<?xml version="1.0" encoding="UTF-8"?>
<!-- Generated by org.testng.reporters.JUnitReportReporter -->
<testsuite hostname="Muriel-TOSH" name="com.skosay.test.register.ConsumerRegister" tests="1" failures="0" timestamp="25 Nov 2014 06:46:48 GMT" time="6.394" errors="0">
  <testcase name="testApplyNoValueOnPasswordAndConfirm" time="6.394" classname="com.skosay.test.register.ConsumerRegister"/>
</testsuite> <!-- com.skosay.test.register.ConsumerRegister -->
