<?xml version="1.0" encoding="UTF-8"?>
<!-- Generated by org.testng.reporters.JUnitReportReporter -->
<testsuite hostname="MURIELs-Air" name="com.crowdtogo.test.apply.MerchantApplication" tests="2" failures="0" timestamp="7 Jan 2015 02:48:52 GMT" time="280.887" errors="0">
  <testcase name="testNoInput" time="157.543" classname="com.crowdtogo.test.apply.MerchantApplication"/>
  <testcase name="testMerchantApplyValid" time="123.344" classname="com.crowdtogo.test.apply.MerchantApplication"/>
</testsuite> <!-- com.crowdtogo.test.apply.MerchantApplication -->
