<?xml version="1.0" encoding="UTF-8"?>
<!-- Generated by org.testng.reporters.JUnitReportReporter -->
<testsuite hostname="mach1.localdomain" name="com.crowdtogo.test.apply.MerchantApplication" tests="2" failures="0" timestamp="12 Nov 2014 10:31:52 GMT" time="36.140" errors="0">
  <testcase name="testNoInput" time="16.279" classname="com.crowdtogo.test.apply.MerchantApplication"/>
  <testcase name="testMerchantApplyValid" time="19.861" classname="com.crowdtogo.test.apply.MerchantApplication"/>
</testsuite> <!-- com.crowdtogo.test.apply.MerchantApplication -->
