<?xml version="1.0" encoding="UTF-8"?>
<!-- Generated by org.testng.reporters.JUnitReportReporter -->
<testsuite hostname="Muriel-TOSH" name="com.skosay.test.login.ConsumerLogin" tests="8" failures="0" timestamp="3 Dec 2014 02:37:24 GMT" time="767.433" errors="0">
  <testcase name="noInput" time="6.046" classname="com.skosay.test.login.ConsumerLogin"/>
  <testcase name="invalidLoginAccountNotConfirmed" time="210.490" classname="com.skosay.test.login.ConsumerLogin"/>
  <testcase name="noInputPassword" time="73.693" classname="com.skosay.test.login.ConsumerLogin"/>
  <testcase name="invalidLoginIncorrectEmail" time="102.576" classname="com.skosay.test.login.ConsumerLogin"/>
  <testcase name="invalidLoginIncorrectPassword" time="74.661" classname="com.skosay.test.login.ConsumerLogin"/>
  <testcase name="noInputEmail" time="217.183" classname="com.skosay.test.login.ConsumerLogin"/>
  <testcase name="validLogin" time="23.258" classname="com.skosay.test.login.ConsumerLogin"/>
  <testcase name="invalidLogin" time="59.526" classname="com.skosay.test.login.ConsumerLogin"/>
</testsuite> <!-- com.skosay.test.login.ConsumerLogin -->
