<?xml version="1.0" encoding="UTF-8"?>
<!-- Generated by org.testng.reporters.JUnitReportReporter -->
<testsuite hostname="mach1.localdomain" name="com.crowdtogo.test.apply.CrowdieApplication" tests="1" failures="0" timestamp="17 Nov 2014 05:13:39 GMT" time="4.044" errors="0">
  <testcase name="testApply" time="4.044" classname="com.crowdtogo.test.apply.CrowdieApplication"/>
</testsuite> <!-- com.crowdtogo.test.apply.CrowdieApplication -->
