<?xml version="1.0" encoding="UTF-8"?>
<!-- Generated by org.testng.reporters.JUnitReportReporter -->
<testsuite hostname="Ewol" name="com.skosay.test.login.ConsumerLogin" tests="8" failures="0" timestamp="1 Dec 2014 06:29:52 GMT" time="80.291" errors="0">
  <testcase name="validLogin" time="9.662" classname="com.skosay.test.login.ConsumerLogin"/>
  <testcase name="invalidLoginIncorrectPassword" time="6.274" classname="com.skosay.test.login.ConsumerLogin"/>
  <testcase name="invalidLoginIncorrectEmail" time="6.302" classname="com.skosay.test.login.ConsumerLogin"/>
  <testcase name="invalidLoginAccountNotConfirmed" time="33.011" classname="com.skosay.test.login.ConsumerLogin"/>
  <testcase name="noInputEmail" time="5.933" classname="com.skosay.test.login.ConsumerLogin"/>
  <testcase name="noInput" time="6.618" classname="com.skosay.test.login.ConsumerLogin"/>
  <testcase name="invalidLogin" time="6.303" classname="com.skosay.test.login.ConsumerLogin"/>
  <testcase name="noInputPassword" time="6.188" classname="com.skosay.test.login.ConsumerLogin"/>
</testsuite> <!-- com.skosay.test.login.ConsumerLogin -->
