<?xml version="1.0" encoding="UTF-8"?>
<!-- Generated by org.testng.reporters.JUnitReportReporter -->
<testsuite hostname="Muriel-TOSH" name="com.skosay.test.login.ManagerLogin" tests="7" failures="0" timestamp="2 Dec 2014 09:30:29 GMT" time="99.568" errors="0">
  <testcase name="noInput" time="5.965" classname="com.skosay.test.login.ManagerLogin"/>
  <testcase name="invalidLoginIncorrectPassword" time="17.524" classname="com.skosay.test.login.ManagerLogin"/>
  <testcase name="invalidLogin" time="21.851" classname="com.skosay.test.login.ManagerLogin"/>
  <testcase name="invalidLoginIncorrectEmail" time="15.982" classname="com.skosay.test.login.ManagerLogin"/>
  <testcase name="noInputPassword" time="13.743" classname="com.skosay.test.login.ManagerLogin"/>
  <testcase name="noInputEmail" time="18.543" classname="com.skosay.test.login.ManagerLogin"/>
  <testcase name="validLogin" time="5.960" classname="com.skosay.test.login.ManagerLogin"/>
</testsuite> <!-- com.skosay.test.login.ManagerLogin -->
