<?xml version="1.0" encoding="UTF-8"?>
<!-- Generated by org.testng.reporters.JUnitReportReporter -->
<testsuite hostname="Muriel-TOSH" name="com.skosay.test.register.ConsumerRegister" tests="1" failures="0" timestamp="27 Nov 2014 05:03:39 GMT" time="3.531" errors="0">
  <testcase name="testApplyNoValueOnPassword" time="3.531" classname="com.skosay.test.register.ConsumerRegister"/>
</testsuite> <!-- com.skosay.test.register.ConsumerRegister -->
