<?xml version="1.0" encoding="UTF-8"?>
<!-- Generated by org.testng.reporters.JUnitReportReporter -->
<testsuite hostname="Muriel-TOSH" name="com.crowdtogo.test.apply.CrowdieApplication" tests="1" failures="0" timestamp="25 Nov 2014 02:29:00 GMT" time="6.194" errors="0">
  <testcase name="testApply" time="6.194" classname="com.crowdtogo.test.apply.CrowdieApplication"/>
</testsuite> <!-- com.crowdtogo.test.apply.CrowdieApplication -->
