<?xml version="1.0" encoding="UTF-8"?>
<!-- Generated by org.testng.reporters.JUnitReportReporter -->
<testsuite hostname="Muriel-TOSH" name="com.crowdtogo.test.apply.CrowdieApplication" tests="1" failures="0" timestamp="27 Nov 2014 02:46:52 GMT" time="1.902" errors="0">
  <testcase name="testApply" time="1.902" classname="com.crowdtogo.test.apply.CrowdieApplication"/>
</testsuite> <!-- com.crowdtogo.test.apply.CrowdieApplication -->
