<?xml version="1.0" encoding="UTF-8"?>
<!-- Generated by org.testng.reporters.JUnitReportReporter -->
<testsuite hostname="MURIELs-Air" name="com.skosay.test.login.ConsumerLogin" tests="8" failures="0" timestamp="7 Jan 2015 01:29:36 GMT" time="187.592" errors="0">
  <testcase name="noInput" time="5.299" classname="com.skosay.test.login.ConsumerLogin"/>
  <testcase name="invalidLoginAccountNotConfirmed" time="17.783" classname="com.skosay.test.login.ConsumerLogin"/>
  <testcase name="noInputPassword" time="34.862" classname="com.skosay.test.login.ConsumerLogin"/>
  <testcase name="invalidLoginIncorrectEmail" time="28.709" classname="com.skosay.test.login.ConsumerLogin"/>
  <testcase name="invalidLoginIncorrectPassword" time="34.563" classname="com.skosay.test.login.ConsumerLogin"/>
  <testcase name="noInputEmail" time="24.583" classname="com.skosay.test.login.ConsumerLogin"/>
  <testcase name="validLogin" time="7.865" classname="com.skosay.test.login.ConsumerLogin"/>
  <testcase name="invalidLogin" time="33.928" classname="com.skosay.test.login.ConsumerLogin"/>
</testsuite> <!-- com.skosay.test.login.ConsumerLogin -->
