<?xml version="1.0" encoding="UTF-8"?>
<!-- Generated by org.testng.reporters.JUnitReportReporter -->
<testsuite hostname="Ewol" name="com.skosay.test.login.ManagerLogin" tests="1" failures="0" timestamp="1 Dec 2014 06:16:51 GMT" time="8.390" errors="0">
  <testcase name="noInputPassword" time="8.390" classname="com.skosay.test.login.ManagerLogin"/>
</testsuite> <!-- com.skosay.test.login.ManagerLogin -->
