<?xml version="1.0" encoding="UTF-8"?>
<!-- Generated by org.testng.reporters.JUnitReportReporter -->
<testsuite hostname="MURIELs-Air" name="com.skosay.test.login.ManagerLogin" tests="7" failures="0" timestamp="7 Jan 2015 01:35:02 GMT" time="75.894" errors="0">
  <testcase name="noInput" time="5.306" classname="com.skosay.test.login.ManagerLogin"/>
  <testcase name="invalidLoginIncorrectPassword" time="15.212" classname="com.skosay.test.login.ManagerLogin"/>
  <testcase name="invalidLogin" time="11.188" classname="com.skosay.test.login.ManagerLogin"/>
  <testcase name="invalidLoginIncorrectEmail" time="15.432" classname="com.skosay.test.login.ManagerLogin"/>
  <testcase name="noInputPassword" time="11.414" classname="com.skosay.test.login.ManagerLogin"/>
  <testcase name="noInputEmail" time="10.903" classname="com.skosay.test.login.ManagerLogin"/>
  <testcase name="validLogin" time="6.439" classname="com.skosay.test.login.ManagerLogin"/>
</testsuite> <!-- com.skosay.test.login.ManagerLogin -->
