<?xml version="1.0" encoding="UTF-8"?>
<!-- Generated by org.testng.reporters.JUnitReportReporter -->
<testsuite hostname="MURIELs-Air" name="com.crowdtogo.test.apply.CrowdieApplication" tests="26" failures="2" timestamp="7 Jan 2015 02:43:10 GMT" time="3375.309" errors="0">
  <testcase name="testApplyNoEmail" time="72.740" classname="com.crowdtogo.test.apply.CrowdieApplication"/>
  <testcase name="testApplyNoFname" time="30.162" classname="com.crowdtogo.test.apply.CrowdieApplication">
    <failure type="org.openqa.selenium.ElementNotVisibleException" message="Element is not currently visible and so may not be interacted with
Command duration or timeout: 30.11 seconds
Build info: version: &#039;2.44.0&#039;, revision: &#039;76d78cf&#039;, time: &#039;2014-10-23 20:03:00&#039;
System info: host: &#039;MURIELs-Air&#039;, ip: &#039;192.168.5.166&#039;, os.name: &#039;Mac OS X&#039;, os.arch: &#039;x86_64&#039;, os.version: &#039;10.10&#039;, java.version: &#039;1.8.0_25&#039;
Driver info: org.openqa.selenium.firefox.FirefoxDriver
Capabilities [{applicationCacheEnabled=true, rotatable=false, handlesAlerts=true, databaseEnabled=true, version=34.0.5, platform=MAC, nativeEvents=false, acceptSslCerts=true, webStorageEnabled=true, locationContextEnabled=true, browserName=firefox, takesScreenshot=true, javascriptEnabled=true, cssSelectorsEnabled=true}]
Session ID: 31105834-a564-3145-920b-7ec585fec674">
      <![CDATA[org.openqa.selenium.ElementNotVisibleException: Element is not currently visible and so may not be interacted with
Command duration or timeout: 30.11 seconds
Build info: version: '2.44.0', revision: '76d78cf', time: '2014-10-23 20:03:00'
System info: host: 'MURIELs-Air', ip: '192.168.5.166', os.name: 'Mac OS X', os.arch: 'x86_64', os.version: '10.10', java.version: '1.8.0_25'
Driver info: org.openqa.selenium.firefox.FirefoxDriver
Capabilities [{applicationCacheEnabled=true, rotatable=false, handlesAlerts=true, databaseEnabled=true, version=34.0.5, platform=MAC, nativeEvents=false, acceptSslCerts=true, webStorageEnabled=true, locationContextEnabled=true, browserName=firefox, takesScreenshot=true, javascriptEnabled=true, cssSelectorsEnabled=true}]
Session ID: 31105834-a564-3145-920b-7ec585fec674
	at sun.reflect.NativeConstructorAccessorImpl.newInstance0(Native Method)
	at sun.reflect.NativeConstructorAccessorImpl.newInstance(NativeConstructorAccessorImpl.java:62)
	at sun.reflect.DelegatingConstructorAccessorImpl.newInstance(DelegatingConstructorAccessorImpl.java:45)
	at java.lang.reflect.Constructor.newInstance(Constructor.java:408)
	at org.openqa.selenium.remote.ErrorHandler.createThrowable(ErrorHandler.java:204)
	at org.openqa.selenium.remote.ErrorHandler.throwIfResponseFailed(ErrorHandler.java:156)
	at org.openqa.selenium.remote.RemoteWebDriver.execute(RemoteWebDriver.java:599)
	at org.openqa.selenium.remote.RemoteWebElement.execute(RemoteWebElement.java:268)
	at org.openqa.selenium.remote.RemoteWebElement.clear(RemoteWebElement.java:113)
	at com.crowdtogo.test.apply.CrowdieApplication.inputApply(CrowdieApplication.java:17)
	at com.crowdtogo.test.apply.CrowdieApplication.testApplyNoFname(CrowdieApplication.java:215)
	at sun.reflect.NativeMethodAccessorImpl.invoke0(Native Method)
	at sun.reflect.NativeMethodAccessorImpl.invoke(NativeMethodAccessorImpl.java:62)
	at sun.reflect.DelegatingMethodAccessorImpl.invoke(DelegatingMethodAccessorImpl.java:43)
	at java.lang.reflect.Method.invoke(Method.java:483)
	at org.testng.internal.MethodInvocationHelper.invokeMethod(MethodInvocationHelper.java:84)
	at org.testng.internal.Invoker.invokeMethod(Invoker.java:714)
	at org.testng.internal.Invoker.invokeTestMethod(Invoker.java:901)
	at org.testng.internal.Invoker.invokeTestMethods(Invoker.java:1231)
	at org.testng.internal.TestMethodWorker.invokeTestMethods(TestMethodWorker.java:127)
	at org.testng.internal.TestMethodWorker.run(TestMethodWorker.java:111)
	at org.testng.TestRunner.privateRun(TestRunner.java:767)
	at org.testng.TestRunner.run(TestRunner.java:617)
	at org.testng.SuiteRunner.runTest(SuiteRunner.java:334)
	at org.testng.SuiteRunner.runSequentially(SuiteRunner.java:329)
	at org.testng.SuiteRunner.privateRun(SuiteRunner.java:291)
	at org.testng.SuiteRunner.run(SuiteRunner.java:240)
	at org.testng.SuiteRunnerWorker.runSuite(SuiteRunnerWorker.java:52)
	at org.testng.SuiteRunnerWorker.run(SuiteRunnerWorker.java:86)
	at org.testng.TestNG.runSuitesSequentially(TestNG.java:1224)
	at org.testng.TestNG.runSuitesLocally(TestNG.java:1149)
	at org.testng.TestNG.run(TestNG.java:1057)
	at org.testng.remote.RemoteTestNG.run(RemoteTestNG.java:111)
	at org.testng.remote.RemoteTestNG.initAndRun(RemoteTestNG.java:204)
	at org.testng.remote.RemoteTestNG.main(RemoteTestNG.java:175)
Caused by: org.openqa.selenium.ElementNotVisibleException: Element is not currently visible and so may not be interacted with
Build info: version: '2.44.0', revision: '76d78cf', time: '2014-10-23 20:03:00'
System info: host: 'MURIELs-Air', ip: '192.168.5.166', os.name: 'Mac OS X', os.arch: 'x86_64', os.version: '10.10', java.version: '1.8.0_25'
Driver info: driver.version: unknown
	at <anonymous class>.fxdriver.preconditions.visible(file:///var/folders/d3/r0fgb5sd09l5ybp4w3_j8kpw0000gn/T/anonymous3670084332364216818webdriver-profile/extensions/fxdriver@googlecode.com/components/command-processor.js:8959:12)
	at <anonymous class>.DelayedCommand.prototype.checkPreconditions_(file:///var/folders/d3/r0fgb5sd09l5ybp4w3_j8kpw0000gn/T/anonymous3670084332364216818webdriver-profile/extensions/fxdriver@googlecode.com/components/command-processor.js:11618:15)
	at <anonymous class>.DelayedCommand.prototype.executeInternal_/h(file:///var/folders/d3/r0fgb5sd09l5ybp4w3_j8kpw0000gn/T/anonymous3670084332364216818webdriver-profile/extensions/fxdriver@googlecode.com/components/command-processor.js:11635:11)
	at <anonymous class>.fxdriver.Timer.prototype.setTimeout/<.notify(file:///var/folders/d3/r0fgb5sd09l5ybp4w3_j8kpw0000gn/T/anonymous3670084332364216818webdriver-profile/extensions/fxdriver@googlecode.com/components/command-processor.js:548:5)
]]>
    </failure>
  </testcase> <!-- testApplyNoFname -->
  <testcase name="testApplyMismatchPass" time="108.065" classname="com.crowdtogo.test.apply.CrowdieApplication"/>
  <testcase name="testApplyNoLname" time="214.122" classname="com.crowdtogo.test.apply.CrowdieApplication"/>
  <testcase name="testApplyContactSpacesOnly" time="185.332" classname="com.crowdtogo.test.apply.CrowdieApplication"/>
  <testcase name="testApplyNoPassConfirmPass" time="74.662" classname="com.crowdtogo.test.apply.CrowdieApplication"/>
  <testcase name="testApplyContact25More" time="118.117" classname="com.crowdtogo.test.apply.CrowdieApplication"/>
  <testcase name="testApplyLnameWithNum" time="170.471" classname="com.crowdtogo.test.apply.CrowdieApplication"/>
  <testcase name="testApply100LnameChar" time="133.409" classname="com.crowdtogo.test.apply.CrowdieApplication"/>
  <testcase name="testApplyBirthdayAhead" time="57.566" classname="com.crowdtogo.test.apply.CrowdieApplication">
    <failure type="org.openqa.selenium.StaleElementReferenceException" message="Element not found in the cache - perhaps the page has changed since it was looked up
Command duration or timeout: 57.43 seconds
For documentation on this error, please visit: http://seleniumhq.org/exceptions/stale_element_reference.html
Build info: version: &#039;2.44.0&#039;, revision: &#039;76d78cf&#039;, time: &#039;2014-10-23 20:03:00&#039;
System info: host: &#039;MURIELs-Air&#039;, ip: &#039;192.168.5.166&#039;, os.name: &#039;Mac OS X&#039;, os.arch: &#039;x86_64&#039;, os.version: &#039;10.10&#039;, java.version: &#039;1.8.0_25&#039;
Driver info: org.openqa.selenium.firefox.FirefoxDriver
Capabilities [{applicationCacheEnabled=true, rotatable=false, handlesAlerts=true, databaseEnabled=true, version=34.0.5, platform=MAC, nativeEvents=false, acceptSslCerts=true, webStorageEnabled=true, locationContextEnabled=true, browserName=firefox, takesScreenshot=true, javascriptEnabled=true, cssSelectorsEnabled=true}]
Session ID: f2f84a0e-ebc1-cf49-8d0a-679094863f0b">
      <![CDATA[org.openqa.selenium.StaleElementReferenceException: Element not found in the cache - perhaps the page has changed since it was looked up
Command duration or timeout: 57.43 seconds
For documentation on this error, please visit: http://seleniumhq.org/exceptions/stale_element_reference.html
Build info: version: '2.44.0', revision: '76d78cf', time: '2014-10-23 20:03:00'
System info: host: 'MURIELs-Air', ip: '192.168.5.166', os.name: 'Mac OS X', os.arch: 'x86_64', os.version: '10.10', java.version: '1.8.0_25'
Driver info: org.openqa.selenium.firefox.FirefoxDriver
Capabilities [{applicationCacheEnabled=true, rotatable=false, handlesAlerts=true, databaseEnabled=true, version=34.0.5, platform=MAC, nativeEvents=false, acceptSslCerts=true, webStorageEnabled=true, locationContextEnabled=true, browserName=firefox, takesScreenshot=true, javascriptEnabled=true, cssSelectorsEnabled=true}]
Session ID: f2f84a0e-ebc1-cf49-8d0a-679094863f0b
	at sun.reflect.NativeConstructorAccessorImpl.newInstance0(Native Method)
	at sun.reflect.NativeConstructorAccessorImpl.newInstance(NativeConstructorAccessorImpl.java:62)
	at sun.reflect.DelegatingConstructorAccessorImpl.newInstance(DelegatingConstructorAccessorImpl.java:45)
	at java.lang.reflect.Constructor.newInstance(Constructor.java:408)
	at org.openqa.selenium.remote.ErrorHandler.createThrowable(ErrorHandler.java:204)
	at org.openqa.selenium.remote.ErrorHandler.throwIfResponseFailed(ErrorHandler.java:156)
	at org.openqa.selenium.remote.RemoteWebDriver.execute(RemoteWebDriver.java:599)
	at org.openqa.selenium.remote.RemoteWebElement.execute(RemoteWebElement.java:268)
	at org.openqa.selenium.remote.RemoteWebElement.clear(RemoteWebElement.java:113)
	at com.crowdtogo.test.apply.CrowdieApplication.inputApply(CrowdieApplication.java:19)
	at com.crowdtogo.test.apply.CrowdieApplication.testApplyBirthdayAhead(CrowdieApplication.java:297)
	at sun.reflect.NativeMethodAccessorImpl.invoke0(Native Method)
	at sun.reflect.NativeMethodAccessorImpl.invoke(NativeMethodAccessorImpl.java:62)
	at sun.reflect.DelegatingMethodAccessorImpl.invoke(DelegatingMethodAccessorImpl.java:43)
	at java.lang.reflect.Method.invoke(Method.java:483)
	at org.testng.internal.MethodInvocationHelper.invokeMethod(MethodInvocationHelper.java:84)
	at org.testng.internal.Invoker.invokeMethod(Invoker.java:714)
	at org.testng.internal.Invoker.invokeTestMethod(Invoker.java:901)
	at org.testng.internal.Invoker.invokeTestMethods(Invoker.java:1231)
	at org.testng.internal.TestMethodWorker.invokeTestMethods(TestMethodWorker.java:127)
	at org.testng.internal.TestMethodWorker.run(TestMethodWorker.java:111)
	at org.testng.TestRunner.privateRun(TestRunner.java:767)
	at org.testng.TestRunner.run(TestRunner.java:617)
	at org.testng.SuiteRunner.runTest(SuiteRunner.java:334)
	at org.testng.SuiteRunner.runSequentially(SuiteRunner.java:329)
	at org.testng.SuiteRunner.privateRun(SuiteRunner.java:291)
	at org.testng.SuiteRunner.run(SuiteRunner.java:240)
	at org.testng.SuiteRunnerWorker.runSuite(SuiteRunnerWorker.java:52)
	at org.testng.SuiteRunnerWorker.run(SuiteRunnerWorker.java:86)
	at org.testng.TestNG.runSuitesSequentially(TestNG.java:1224)
	at org.testng.TestNG.runSuitesLocally(TestNG.java:1149)
	at org.testng.TestNG.run(TestNG.java:1057)
	at org.testng.remote.RemoteTestNG.run(RemoteTestNG.java:111)
	at org.testng.remote.RemoteTestNG.initAndRun(RemoteTestNG.java:204)
	at org.testng.remote.RemoteTestNG.main(RemoteTestNG.java:175)
Caused by: org.openqa.selenium.StaleElementReferenceException: Element not found in the cache - perhaps the page has changed since it was looked up
For documentation on this error, please visit: http://seleniumhq.org/exceptions/stale_element_reference.html
Build info: version: '2.44.0', revision: '76d78cf', time: '2014-10-23 20:03:00'
System info: host: 'MURIELs-Air', ip: '192.168.5.166', os.name: 'Mac OS X', os.arch: 'x86_64', os.version: '10.10', java.version: '1.8.0_25'
Driver info: driver.version: unknown
	at <anonymous class>.fxdriver.cache.getElementAt(resource://fxdriver/modules/web-element-cache.js:8329:1)
	at <anonymous class>.Utils.getElementAt(file:///var/folders/d3/r0fgb5sd09l5ybp4w3_j8kpw0000gn/T/anonymous7134951964480942602webdriver-profile/extensions/fxdriver@googlecode.com/components/command-processor.js:7922:10)
	at <anonymous class>.fxdriver.preconditions.visible(file:///var/folders/d3/r0fgb5sd09l5ybp4w3_j8kpw0000gn/T/anonymous7134951964480942602webdriver-profile/extensions/fxdriver@googlecode.com/components/command-processor.js:8957:11)
	at <anonymous class>.DelayedCommand.prototype.checkPreconditions_(file:///var/folders/d3/r0fgb5sd09l5ybp4w3_j8kpw0000gn/T/anonymous7134951964480942602webdriver-profile/extensions/fxdriver@googlecode.com/components/command-processor.js:11618:15)
	at <anonymous class>.DelayedCommand.prototype.executeInternal_/h(file:///var/folders/d3/r0fgb5sd09l5ybp4w3_j8kpw0000gn/T/anonymous7134951964480942602webdriver-profile/extensions/fxdriver@googlecode.com/components/command-processor.js:11635:11)
	at <anonymous class>.fxdriver.Timer.prototype.setTimeout/<.notify(file:///var/folders/d3/r0fgb5sd09l5ybp4w3_j8kpw0000gn/T/anonymous7134951964480942602webdriver-profile/extensions/fxdriver@googlecode.com/components/command-processor.js:548:5)
]]>
    </failure>
  </testcase> <!-- testApplyBirthdayAhead -->
  <testcase name="testApplyFnameWithNum" time="95.446" classname="com.crowdtogo.test.apply.CrowdieApplication"/>
  <testcase name="testApplyNoPass" time="75.830" classname="com.crowdtogo.test.apply.CrowdieApplication"/>
  <testcase name="testApply100EmailChar" time="366.744" classname="com.crowdtogo.test.apply.CrowdieApplication"/>
  <testcase name="testApplyLnameWithSpecial" time="85.321" classname="com.crowdtogo.test.apply.CrowdieApplication"/>
  <testcase name="testApplyNoContact" time="65.408" classname="com.crowdtogo.test.apply.CrowdieApplication"/>
  <testcase name="testApplyFnameWithSpecial" time="121.954" classname="com.crowdtogo.test.apply.CrowdieApplication"/>
  <testcase name="testApplyOtherValidEmail" time="234.632" classname="com.crowdtogo.test.apply.CrowdieApplication"/>
  <testcase name="testApplyInvalidEmail" time="371.917" classname="com.crowdtogo.test.apply.CrowdieApplication"/>
  <testcase name="testApplyNoConfirmPass" time="156.146" classname="com.crowdtogo.test.apply.CrowdieApplication"/>
  <testcase name="testApplyContactWithDashes" time="181.046" classname="com.crowdtogo.test.apply.CrowdieApplication"/>
  <testcase name="testApply2Fname" time="162.366" classname="com.crowdtogo.test.apply.CrowdieApplication"/>
  <testcase name="testApplyExistingEmail" time="40.117" classname="com.crowdtogo.test.apply.CrowdieApplication"/>
  <testcase name="testApply2Lname" time="83.188" classname="com.crowdtogo.test.apply.CrowdieApplication"/>
  <testcase name="testApplyLess5Pass" time="39.645" classname="com.crowdtogo.test.apply.CrowdieApplication"/>
  <testcase name="testApplyAlphContact" time="74.365" classname="com.crowdtogo.test.apply.CrowdieApplication"/>
  <testcase name="testApply" time="56.538" classname="com.crowdtogo.test.apply.CrowdieApplication"/>
</testsuite> <!-- com.crowdtogo.test.apply.CrowdieApplication -->
