<?xml version="1.0" encoding="UTF-8"?>
<!-- Generated by org.testng.reporters.JUnitReportReporter -->
<testsuite hostname="Muriel-TOSH" name="com.skosay.test.register.ConsumerRegister" tests="1" failures="0" timestamp="25 Nov 2014 06:59:36 GMT" time="60.254" errors="0">
  <testcase name="testValid" time="60.254" classname="com.skosay.test.register.ConsumerRegister"/>
</testsuite> <!-- com.skosay.test.register.ConsumerRegister -->
