<?xml version="1.0" encoding="UTF-8"?>
<!-- Generated by org.testng.reporters.JUnitReportReporter -->
<testsuite hostname="mach1.localdomain" name="com.crowdtogo.test.apply.CrowdieApplication" tests="1" failures="0" timestamp="13 Nov 2014 06:46:39 GMT" time="67.327" errors="0">
  <testcase name="testApplyNoLname" time="67.327" classname="com.crowdtogo.test.apply.CrowdieApplication"/>
</testsuite> <!-- com.crowdtogo.test.apply.CrowdieApplication -->
