<?xml version="1.0" encoding="UTF-8"?>
<!-- Generated by org.testng.reporters.JUnitReportReporter -->
<testsuite hostname="Muriel-TOSH" name="com.skosay.test.login.ConsumerLogin" tests="1" failures="0" timestamp="25 Nov 2014 03:58:02 GMT" time="6.511" errors="0">
  <testcase name="testFindElements" time="6.511" classname="com.skosay.test.login.ConsumerLogin"/>
</testsuite> <!-- com.skosay.test.login.ConsumerLogin -->
